<?xml version="1.0" encoding="UTF-8"?>
<!-- Generated by org.testng.reporters.JUnitReportReporter -->
<testsuite hostname="IN-PF2RVK7E" failures="0" tests="2" name="BeforeClassAfterClass" time="0.017" errors="0" timestamp="2024-06-11T21:32:56 IST" skipped="0">
  <testcase classname="BeforeClassAfterClass" name="searchcustomer" time="0.003"/>
  <system-out/>
  <testcase classname="BeforeClassAfterClass" name="loginTest" time="0.014"/>
  <system-out/>
</testsuite> <!-- BeforeClassAfterClass -->
