<?xml version="1.0" encoding="UTF-8"?>
<!-- Generated by org.testng.reporters.JUnitReportReporter -->
<testsuite hostname="IN-PF2RVK7E" failures="0" tests="2" name="BeforeAfterMethods" time="0.024" errors="0" timestamp="2024-06-11T21:15:07 IST" skipped="0">
  <testcase classname="BeforeAfterMethods" name="loginTest" time="0.012"/>
  <system-out/>
  <testcase classname="BeforeAfterMethods" name="searchcustomer" time="0.012"/>
  <system-out/>
</testsuite> <!-- BeforeAfterMethods -->
