<?xml version="1.0" encoding="UTF-8"?>
<!-- Generated by org.testng.reporters.JUnitReportReporter -->
<testsuite hostname="IN-PF2RVK7E" failures="0" tests="3" name="Dataprovider" time="0.019" errors="0" timestamp="2024-06-12T11:06:42 IST" skipped="0">
  <testcase classname="Dataprovider" name="useData" time="0.017"/>
  <system-out/>
  <testcase classname="Dataprovider" name="useData" time="0.001"/>
  <system-out/>
  <testcase classname="Dataprovider" name="useData" time="0.001"/>
  <system-out/>
</testsuite> <!-- Dataprovider -->
