<?xml version="1.0" encoding="UTF-8"?>
<!-- Generated by org.testng.reporters.JUnitReportReporter -->
<testsuite hostname="IN-PF2RVK7E" failures="0" tests="4" name="AssertionsAndParameter" time="20.105" errors="0" timestamp="2024-06-12T09:47:51 IST" skipped="0">
  <testcase classname="AssertionsAndParameter" name="logo" time="5.041"/>
  <system-out/>
  <testcase classname="AssertionsAndParameter" name="logo" time="5.043"/>
  <system-out/>
  <testcase classname="AssertionsAndParameter" name="title" time="5.014"/>
  <system-out/>
  <testcase classname="AssertionsAndParameter" name="title" time="5.007"/>
  <system-out/>
</testsuite> <!-- AssertionsAndParameter -->
