<?xml version="1.0" encoding="UTF-8"?>
<!-- Generated by org.testng.reporters.JUnitReportReporter -->
<testsuite hostname="IN-PF2RVK7E" failures="0" tests="4" name="SecTestNGTestCase" time="0.007" errors="0" timestamp="2024-06-11T21:35:04 IST" skipped="0">
  <testcase classname="SecTestNGTestCase" name="setup" time="0.002"/>
  <system-out/>
  <testcase classname="SecTestNGTestCase" name="AddCustomer" time="0.001"/>
  <system-out/>
  <testcase classname="SecTestNGTestCase" name="SearchCustomer" time="0.002"/>
  <system-out/>
  <testcase classname="SecTestNGTestCase" name="teardown" time="0.002"/>
  <system-out/>
</testsuite> <!-- SecTestNGTestCase -->
