<?xml version="1.0" encoding="UTF-8"?>
<!-- Generated by org.testng.reporters.JUnitReportReporter -->
<testsuite hostname="IN-PF2RVK7E" failures="0" tests="3" name="FirstTestNGMethod" time="0.019" errors="0" timestamp="2024-06-11T20:54:45 IST" skipped="0">
  <testcase classname="FirstTestNGMethod" name="loginTest" time="0.015"/>
  <system-out/>
  <testcase classname="FirstTestNGMethod" name="setup" time="0.002"/>
  <system-out/>
  <testcase classname="FirstTestNGMethod" name="teardown" time="0.002"/>
  <system-out/>
</testsuite> <!-- FirstTestNGMethod -->
