<?xml version="1.0" encoding="UTF-8"?>
<!-- Generated by org.testng.reporters.JUnitReportReporter -->
<testsuite hostname="IN-PF2RVK7E" failures="0" tests="3" name="GroupingTestcases" time="0.020" errors="0" timestamp="2024-06-11T23:32:00 IST" skipped="0">
  <testcase classname="GroupingTestcases" name="test4" time="0.002"/>
  <system-out/>
  <testcase classname="GroupingTestcases" name="test1" time="0.015"/>
  <system-out/>
  <testcase classname="GroupingTestcases" name="test3" time="0.003"/>
  <system-out/>
</testsuite> <!-- GroupingTestcases -->
