<?xml version="1.0" encoding="UTF-8"?>
<!-- Generated by org.testng.reporters.JUnitReportReporter -->
<testsuite hostname="IN-PF2RVK7E" failures="0" tests="3" name="TestMethodUsingDataProviderMethod" time="0.024" errors="0" timestamp="2024-06-12T11:10:35 IST" skipped="0">
  <testcase classname="TestMethodUsingDataProviderMethod" name="useData" time="0.020"/>
  <system-out/>
  <testcase classname="TestMethodUsingDataProviderMethod" name="useData" time="0.002"/>
  <system-out/>
  <testcase classname="TestMethodUsingDataProviderMethod" name="useData" time="0.002"/>
  <system-out/>
</testsuite> <!-- TestMethodUsingDataProviderMethod -->
