<?xml version="1.0" encoding="UTF-8"?>
<!-- Generated by org.testng.reporters.JUnitReportReporter -->
<testsuite hostname="IN-PF2RVK7E" failures="0" tests="2" name="TC1" time="0.020" errors="0" timestamp="2024-06-11T23:27:41 IST" skipped="0">
  <testcase classname="TC1" name="TC2" time="0.002"/>
  <system-out/>
  <testcase classname="TC1" name="TC1" time="0.018"/>
  <system-out/>
</testsuite> <!-- TC1 -->
