<?xml version="1.0" encoding="UTF-8"?>
<!-- Generated by org.testng.reporters.JUnitReportReporter -->
<testsuite hostname="IN-PF2RVK7E" failures="0" tests="3" name="FirstTestNGTestCase" time="0.018" errors="0" timestamp="2024-06-11T21:47:04 IST" skipped="1">
  <testcase classname="FirstTestNGTestCase" name="loginTest" time="0.016"/>
  <system-out/>
  <testcase classname="FirstTestNGTestCase" name="setup" time="0.002"/>
  <system-out/>
  <testcase classname="FirstTestNGTestCase" name="teardown">
    <skipped/>
  </testcase> <!-- teardown -->
  <system-out/>
</testsuite> <!-- FirstTestNGTestCase -->
